#
# A fatal error has been detected by the Java Runtime Environment:
#
#  SIGSEGV (0xb) at pc=0x00007fd8bd809f6d, pid=5730, tid=140568628135680
#
# JRE version: 6.0_38-b05
# Java VM: Java HotSpot(TM) 64-Bit Server VM (20.13-b02 mixed mode linux-amd64 compressed oops)
# Problematic frame:
# V  [libjvm.so+0x59af6d]  unsigned+0x11d
#
# If you would like to submit a bug report, please visit:
#   http://java.sun.com/webapps/bugreport/crash.jsp
#

---------------  T H R E A D  ---------------

Current thread (0x00007fd8b809f000):  JavaThread "JDWP Transport Listener: dt_socket" daemon [_thread_in_vm, id=5747, stack(0x00007fd8af158000,0x00007fd8af259000)]

siginfo:si_signo=SIGSEGV: si_errno=0, si_code=1 (SEGV_MAPERR), si_addr=0x0000003b65746144

Registers:
RAX=0x0000000000000001, RBX=0x0000000000000000, RCX=0x00007fd8bdd0d3c8, RDX=0x0000000000000000
RSP=0x00007fd8af257980, RBP=0x00007fd8af2579f0, RSI=0x00007fd8b809f000, RDI=0x00007fd8b800a0f0
R8 =0x00007fd8be87d000, R9 =0x00007fd8bdd0d3b0, R10=0x0000000000000ffc, R11=0x00007fd8bdd0d3b8
R12=0x00007fd8b800a0f0, R13=0x0000003b65746144, R14=0x00007fd8af257a3f, R15=0x00007fd8af257980
RIP=0x00007fd8bd809f6d, EFLAGS=0x0000000000010206, CSGSFS=0x0000000000000033, ERR=0x0000000000000004
  TRAPNO=0x000000000000000e

Top of Stack: (sp=0x00007fd8af257980)
0x00007fd8af257980:   00007fd8b809f000 0000000000000000
0x00007fd8af257990:   00007fd800000000 0000000000000000
0x00007fd8af2579a0:   00007fd8b809f000 0000000000000000
0x00007fd8af2579b0:   00007fd8b809f000 00007fd8af257ad0
0x00007fd8af2579c0:   00007fd8b807e370 0000003b65746144
0x00007fd8af2579d0:   00007fd8bc8090f0 0000000000000001
0x00007fd8af2579e0:   0000000000000001 0000000000000007
0x00007fd8af2579f0:   00007fd8af257a3f 00007fd8bc6fc2ce
0x00007fd8af257a00:   0000003b65746144 00007fd8af257ad0
0x00007fd8af257a10:   0000000000000001 00007fd8bc6d9a73
0x00007fd8af257a20:   0000000000000000 0000000000000000
0x00007fd8af257a30:   0000000000000000 000000000000000a
0x00007fd8af257a40:   0000000000000004 00007fd8af257ad0
0x00007fd8af257a50:   00007fd890005010 00007fd8bc6d9c36
0x00007fd8af257a60:   00007fd8af257ad0 00000004af257c90
0x00007fd8af257a70:   00007fd89000ad30 00007fd8af257ad0
0x00007fd8af257a80:   00007fd8af257c90 00007fd8af257c60
0x00007fd8af257a90:   00007fd8bc8090f0 00007fd8bc6d9cae
0x00007fd8af257aa0:   00007fd8af257c60 00007fd8bc6e48fb
0x00007fd8af257ab0:   0000040c00000013 00007fd8880f0200
0x00007fd8af257ac0:   00007fd888000d00 00007fd8af257ad0
0x00007fd8af257ad0:   00007fd8af257ba4 00007fd8000000a8
0x00007fd8af257ae0:   00007fd8af257ae8 00007fd800000084
0x00007fd8af257af0:   00007fd8af257b20 0000000000000000
0x00007fd8af257b00:   00007f0000000000 0000040c0000001c
0x00007fd8af257b10:   00007fd800007180 00007fd8af257b20
0x00007fd8af257b20:   d87f000004000000 0c00000088a60190
0x00007fd8af257b30:   6574614466666964 03000000656d6954
0x00007fd8af257b40:   0000000000562928 b8d87f00000a0000
0x00007fd8af257b50:   6d0400000068e307 28160000006e6961
0x00007fd8af257b60:   6c2f6176616a4c5b 697274532f676e61
0x00007fd8af257b70:   00000056293b676e 7f00000900000000 

Instructions: (pc=0x00007fd8bd809f6d)
0x00007fd8bd809f4d:   84 c7 03 00 00 41 0f b6 9c 24 68 01 00 00 80 e3
0x00007fd8bd809f5d:   10 84 db 0f 84 ed 02 00 00 31 db 4d 85 ed 74 23
0x00007fd8bd809f6d:   49 8b 45 00 48 85 c0 0f 84 d2 02 00 00 49 bd fe
0x00007fd8bd809f7d:   fe fe fe fe fe fe fe 48 89 c3 4c 39 e8 0f 84 bc 

Register to memory mapping:

RAX=0x0000000000000001 is an unknown value
RBX=0x0000000000000000 is an unknown value
RCX=0x00007fd8bdd0d3c8: <offset 0xa9e3c8> in /usr/lib/jvm/jre/lib/amd64/server/libjvm.so at 0x00007fd8bd26f000
RDX=0x0000000000000000 is an unknown value
RSP=0x00007fd8af257980 is pointing into the stack for thread: 0x00007fd8b809f000
RBP=0x00007fd8af2579f0 is pointing into the stack for thread: 0x00007fd8b809f000
RSI=0x00007fd8b809f000 is a thread
RDI=0x00007fd8b800a0f0 is an unknown value
R8 =0x00007fd8be87d000 is an unknown value
R9 =0x00007fd8bdd0d3b0: <offset 0xa9e3b0> in /usr/lib/jvm/jre/lib/amd64/server/libjvm.so at 0x00007fd8bd26f000
R10=0x0000000000000ffc is an unknown value
R11=0x00007fd8bdd0d3b8: <offset 0xa9e3b8> in /usr/lib/jvm/jre/lib/amd64/server/libjvm.so at 0x00007fd8bd26f000
R12=0x00007fd8b800a0f0 is an unknown value
R13=0x0000003b65746144 is an unknown value
R14=0x00007fd8af257a3f is pointing into the stack for thread: 0x00007fd8b809f000
R15=0x00007fd8af257980 is pointing into the stack for thread: 0x00007fd8b809f000


Stack: [0x00007fd8af158000,0x00007fd8af259000],  sp=0x00007fd8af257980,  free space=1022k
Native frames: (J=compiled Java code, j=interpreted, Vv=VM code, C=native code)
V  [libjvm.so+0x59af6d]  unsigned+0x11d


---------------  P R O C E S S  ---------------

Java Threads: ( => current thread )
  0x00007fd8b80aa000 JavaThread "Low Memory Detector" daemon [_thread_blocked, id=5756, stack(0x00007fd8aec53000,0x00007fd8aed54000)]
  0x00007fd8b80a8000 JavaThread "C2 CompilerThread1" daemon [_thread_blocked, id=5755, stack(0x00007fd8aed54000,0x00007fd8aee55000)]
  0x00007fd8b80a5000 JavaThread "C2 CompilerThread0" daemon [_thread_blocked, id=5754, stack(0x00007fd8aee55000,0x00007fd8aef56000)]
  0x00007fd890001000 JavaThread "JDWP Command Reader" daemon [_thread_in_native, id=5751, stack(0x00007fd8aef56000,0x00007fd8af057000)]
  0x00007fd8b80a2800 JavaThread "JDWP Event Helper Thread" daemon [_thread_blocked, id=5750, stack(0x00007fd8af057000,0x00007fd8af158000)]
=>0x00007fd8b809f000 JavaThread "JDWP Transport Listener: dt_socket" daemon [_thread_in_vm, id=5747, stack(0x00007fd8af158000,0x00007fd8af259000)]
  0x00007fd8b8090800 JavaThread "Signal Dispatcher" daemon [_thread_blocked, id=5745, stack(0x00007fd8af35d000,0x00007fd8af45e000)]
  0x00007fd8b8075000 JavaThread "Finalizer" daemon [_thread_blocked, id=5743, stack(0x00007fd8af45e000,0x00007fd8af55f000)]
  0x00007fd8b8073000 JavaThread "Reference Handler" daemon [_thread_blocked, id=5742, stack(0x00007fd8af55f000,0x00007fd8af660000)]
  0x00007fd8b800e800 JavaThread "main" [_thread_blocked, id=5736, stack(0x00007fd8bce72000,0x00007fd8bcf73000)]

Other Threads:
  0x00007fd8b806c800 VMThread [stack: 0x00007fd8af660000,0x00007fd8af761000] [id=5741]
  0x00007fd8b80bd000 WatcherThread [stack: 0x00007fd8aeb52000,0x00007fd8aec53000] [id=5757]

VM state:not at safepoint (normal execution)

VM Mutex/Monitor currently owned by a thread: None

Heap
 PSYoungGen      total 26880K, used 1382K [0x00000000e1f60000, 0x00000000e3d60000, 0x0000000100000000)
  eden space 23040K, 6% used [0x00000000e1f60000,0x00000000e20b9a20,0x00000000e35e0000)
  from space 3840K, 0% used [0x00000000e39a0000,0x00000000e39a0000,0x00000000e3d60000)
  to   space 3840K, 0% used [0x00000000e35e0000,0x00000000e35e0000,0x00000000e39a0000)
 PSOldGen        total 61568K, used 0K [0x00000000a5e00000, 0x00000000a9a20000, 0x00000000e1f60000)
  object space 61568K, 0% used [0x00000000a5e00000,0x00000000a5e00000,0x00000000a9a20000)
 PSPermGen       total 21248K, used 2632K [0x00000000a0c00000, 0x00000000a20c0000, 0x00000000a5e00000)
  object space 21248K, 12% used [0x00000000a0c00000,0x00000000a0e92168,0x00000000a20c0000)

Code Cache  [0x00007fd8b4710000, 0x00007fd8b4980000, 0x00007fd8b7710000)
 total_blobs=163 nmethods=5 adapters=121 free_code_cache=49934976 largest_free_block=8896

Dynamic libraries:
40000000-40009000 r-xp 00000000 08:01 790662                             /usr/lib/jvm/bin/java
40108000-4010a000 rwxp 00008000 08:01 790662                             /usr/lib/jvm/bin/java
40865000-40886000 rwxp 00000000 00:00 0                                  [heap]
a0c00000-a20c0000 rwxp 00000000 00:00 0 
a20c0000-a5e00000 rwxp 00000000 00:00 0 
a5e00000-a9a20000 rwxp 00000000 00:00 0 
a9a20000-e1f60000 rwxp 00000000 00:00 0 
e1f60000-e3d60000 rwxp 00000000 00:00 0 
e3d60000-100000000 rwxp 00000000 00:00 0 
7fd874000000-7fd874021000 rwxp 00000000 00:00 0 
7fd874021000-7fd878000000 ---p 00000000 00:00 0 
7fd878000000-7fd878021000 rwxp 00000000 00:00 0 
7fd878021000-7fd87c000000 ---p 00000000 00:00 0 
7fd87c000000-7fd87c10d000 rwxp 00000000 00:00 0 
7fd87c10d000-7fd880000000 ---p 00000000 00:00 0 
7fd880000000-7fd880203000 rwxp 00000000 00:00 0 
7fd880203000-7fd884000000 ---p 00000000 00:00 0 
7fd884000000-7fd884021000 rwxp 00000000 00:00 0 
7fd884021000-7fd888000000 ---p 00000000 00:00 0 
7fd888000000-7fd888021000 rwxp 00000000 00:00 0 
7fd888021000-7fd88c000000 ---p 00000000 00:00 0 
7fd88c000000-7fd88c021000 rwxp 00000000 00:00 0 
7fd88c021000-7fd890000000 ---p 00000000 00:00 0 
7fd890000000-7fd890036000 rwxp 00000000 00:00 0 
7fd890036000-7fd894000000 ---p 00000000 00:00 0 
7fd894000000-7fd894021000 rwxp 00000000 00:00 0 
7fd894021000-7fd898000000 ---p 00000000 00:00 0 
7fd898000000-7fd898021000 rwxp 00000000 00:00 0 
7fd898021000-7fd89c000000 ---p 00000000 00:00 0 
7fd89c000000-7fd89c021000 rwxp 00000000 00:00 0 
7fd89c021000-7fd8a0000000 ---p 00000000 00:00 0 
7fd8a0000000-7fd8a0021000 rwxp 00000000 00:00 0 
7fd8a0021000-7fd8a4000000 ---p 00000000 00:00 0 
7fd8a4000000-7fd8a4021000 rwxp 00000000 00:00 0 
7fd8a4021000-7fd8a8000000 ---p 00000000 00:00 0 
7fd8a8000000-7fd8a8021000 rwxp 00000000 00:00 0 
7fd8a8021000-7fd8ac000000 ---p 00000000 00:00 0 
7fd8aeb52000-7fd8aeb53000 ---p 00000000 00:00 0 
7fd8aeb53000-7fd8aec53000 rwxp 00000000 00:00 0 
7fd8aec53000-7fd8aec56000 ---p 00000000 00:00 0 
7fd8aec56000-7fd8aed54000 rwxp 00000000 00:00 0 
7fd8aed54000-7fd8aed57000 ---p 00000000 00:00 0 
7fd8aed57000-7fd8aee55000 rwxp 00000000 00:00 0 
7fd8aee55000-7fd8aee58000 ---p 00000000 00:00 0 
7fd8aee58000-7fd8aef56000 rwxp 00000000 00:00 0 
7fd8aef56000-7fd8aef59000 ---p 00000000 00:00 0 
7fd8aef59000-7fd8af057000 rwxp 00000000 00:00 0 
7fd8af057000-7fd8af05a000 ---p 00000000 00:00 0 
7fd8af05a000-7fd8af158000 rwxp 00000000 00:00 0 
7fd8af158000-7fd8af15b000 ---p 00000000 00:00 0 
7fd8af15b000-7fd8af259000 rwxp 00000000 00:00 0 
7fd8af259000-7fd8af25c000 r-xp 00000000 08:01 142248                     /usr/lib/jvm/jre/lib/amd64/libdt_socket.so
7fd8af25c000-7fd8af35b000 ---p 00003000 08:01 142248                     /usr/lib/jvm/jre/lib/amd64/libdt_socket.so
7fd8af35b000-7fd8af35d000 rwxp 00002000 08:01 142248                     /usr/lib/jvm/jre/lib/amd64/libdt_socket.so
7fd8af35d000-7fd8af360000 ---p 00000000 00:00 0 
7fd8af360000-7fd8af45e000 rwxp 00000000 00:00 0 
7fd8af45e000-7fd8af461000 ---p 00000000 00:00 0 
7fd8af461000-7fd8af55f000 rwxp 00000000 00:00 0 
7fd8af55f000-7fd8af562000 ---p 00000000 00:00 0 
7fd8af562000-7fd8af660000 rwxp 00000000 00:00 0 
7fd8af660000-7fd8af661000 ---p 00000000 00:00 0 
7fd8af661000-7fd8afc66000 rwxp 00000000 00:00 0 
7fd8afc66000-7fd8afdfe000 r-xs 03083000 08:01 802306                     /usr/lib/jvm/jre/lib/rt.jar
7fd8afdfe000-7fd8afdff000 ---p 00000000 00:00 0 
7fd8afdff000-7fd8afeff000 rwxp 00000000 00:00 0 
7fd8afeff000-7fd8aff00000 ---p 00000000 00:00 0 
7fd8aff00000-7fd8b0000000 rwxp 00000000 00:00 0 
7fd8b0000000-7fd8b0021000 rwxp 00000000 00:00 0 
7fd8b0021000-7fd8b4000000 ---p 00000000 00:00 0 
7fd8b4032000-7fd8b4033000 ---p 00000000 00:00 0 
7fd8b4033000-7fd8b4133000 rwxp 00000000 00:00 0 
7fd8b4133000-7fd8b4134000 ---p 00000000 00:00 0 
7fd8b4134000-7fd8b4253000 rwxp 00000000 00:00 0 
7fd8b4253000-7fd8b4415000 rwxp 00000000 00:00 0 
7fd8b4415000-7fd8b4420000 rwxp 00000000 00:00 0 
7fd8b4420000-7fd8b443e000 rwxp 00000000 00:00 0 
7fd8b443e000-7fd8b445d000 rwxp 00000000 00:00 0 
7fd8b445d000-7fd8b461e000 rwxp 00000000 00:00 0 
7fd8b461e000-7fd8b462e000 rwxp 00000000 00:00 0 
7fd8b462e000-7fd8b470f000 rwxp 00000000 00:00 0 
7fd8b470f000-7fd8b4980000 rwxp 00000000 00:00 0 
7fd8b4980000-7fd8b7710000 rwxp 00000000 00:00 0 
7fd8b7710000-7fd8b771c000 r-xp 00000000 08:01 261770                     /lib/x86_64-linux-gnu/libnss_files-2.15.so
7fd8b771c000-7fd8b791b000 ---p 0000c000 08:01 261770                     /lib/x86_64-linux-gnu/libnss_files-2.15.so
7fd8b791b000-7fd8b791c000 r-xp 0000b000 08:01 261770                     /lib/x86_64-linux-gnu/libnss_files-2.15.so
7fd8b791c000-7fd8b791d000 rwxp 0000c000 08:01 261770                     /lib/x86_64-linux-gnu/libnss_files-2.15.so
7fd8b791d000-7fd8b8000000 r-xp 00000000 08:01 399584                     /usr/lib/locale/locale-archive
7fd8b8000000-7fd8b812d000 rwxp 00000000 00:00 0 
7fd8b812d000-7fd8bc000000 ---p 00000000 00:00 0 
7fd8bc022000-7fd8bc089000 rwxp 00000000 00:00 0 
7fd8bc089000-7fd8bc0a7000 rwxp 00000000 00:00 0 
7fd8bc0a7000-7fd8bc0b5000 r-xp 00000000 08:01 142244                     /usr/lib/jvm/jre/lib/amd64/libzip.so
7fd8bc0b5000-7fd8bc1b7000 ---p 0000e000 08:01 142244                     /usr/lib/jvm/jre/lib/amd64/libzip.so
7fd8bc1b7000-7fd8bc1ba000 rwxp 00010000 08:01 142244                     /usr/lib/jvm/jre/lib/amd64/libzip.so
7fd8bc1ba000-7fd8bc1bb000 rwxp 00000000 00:00 0 
7fd8bc1bb000-7fd8bc1c5000 r-xp 00000000 08:01 261766                     /lib/x86_64-linux-gnu/libnss_nis-2.15.so
7fd8bc1c5000-7fd8bc3c5000 ---p 0000a000 08:01 261766                     /lib/x86_64-linux-gnu/libnss_nis-2.15.so
7fd8bc3c5000-7fd8bc3c6000 r-xp 0000a000 08:01 261766                     /lib/x86_64-linux-gnu/libnss_nis-2.15.so
7fd8bc3c6000-7fd8bc3c7000 rwxp 0000b000 08:01 261766                     /lib/x86_64-linux-gnu/libnss_nis-2.15.so
7fd8bc3c7000-7fd8bc3cf000 r-xp 00000000 08:01 262540                     /lib/x86_64-linux-gnu/libnss_compat-2.15.so
7fd8bc3cf000-7fd8bc5ce000 ---p 00008000 08:01 262540                     /lib/x86_64-linux-gnu/libnss_compat-2.15.so
7fd8bc5ce000-7fd8bc5cf000 r-xp 00007000 08:01 262540                     /lib/x86_64-linux-gnu/libnss_compat-2.15.so
7fd8bc5cf000-7fd8bc5d0000 rwxp 00008000 08:01 262540                     /lib/x86_64-linux-gnu/libnss_compat-2.15.so
7fd8bc5d0000-7fd8bc5d3000 r-xp 00000000 08:01 142261                     /usr/lib/jvm/jre/lib/amd64/libnpt.so
7fd8bc5d3000-7fd8bc6d2000 ---p 00003000 08:01 142261                     /usr/lib/jvm/jre/lib/amd64/libnpt.so
7fd8bc6d2000-7fd8bc6d3000 rwxp 00002000 08:01 142261                     /usr/lib/jvm/jre/lib/amd64/libnpt.so
7fd8bc6d3000-7fd8bc709000 r-xp 00000000 08:01 142273                     /usr/lib/jvm/jre/lib/amd64/libjdwp.so
7fd8bc709000-7fd8bc808000 ---p 00036000 08:01 142273                     /usr/lib/jvm/jre/lib/amd64/libjdwp.so
7fd8bc808000-7fd8bc812000 rwxp 00035000 08:01 142273                     /usr/lib/jvm/jre/lib/amd64/libjdwp.so
7fd8bc812000-7fd8bc829000 r-xp 00000000 08:01 265538                     /lib/x86_64-linux-gnu/libnsl-2.15.so
7fd8bc829000-7fd8bca28000 ---p 00017000 08:01 265538                     /lib/x86_64-linux-gnu/libnsl-2.15.so
7fd8bca28000-7fd8bca29000 r-xp 00016000 08:01 265538                     /lib/x86_64-linux-gnu/libnsl-2.15.so
7fd8bca29000-7fd8bca2a000 rwxp 00017000 08:01 265538                     /lib/x86_64-linux-gnu/libnsl-2.15.so
7fd8bca2a000-7fd8bca2c000 rwxp 00000000 00:00 0 
7fd8bca2c000-7fd8bca55000 r-xp 00000000 08:01 142235                     /usr/lib/jvm/jre/lib/amd64/libjava.so
7fd8bca55000-7fd8bcb54000 ---p 00029000 08:01 142235                     /usr/lib/jvm/jre/lib/amd64/libjava.so
7fd8bcb54000-7fd8bcb5b000 rwxp 00028000 08:01 142235                     /usr/lib/jvm/jre/lib/amd64/libjava.so
7fd8bcb5b000-7fd8bcb68000 r-xp 00000000 08:01 142242                     /usr/lib/jvm/jre/lib/amd64/libverify.so
7fd8bcb68000-7fd8bcc67000 ---p 0000d000 08:01 142242                     /usr/lib/jvm/jre/lib/amd64/libverify.so
7fd8bcc67000-7fd8bcc6a000 rwxp 0000c000 08:01 142242                     /usr/lib/jvm/jre/lib/amd64/libverify.so
7fd8bcc6a000-7fd8bcc71000 r-xp 00000000 08:01 261764                     /lib/x86_64-linux-gnu/librt-2.15.so
7fd8bcc71000-7fd8bce70000 ---p 00007000 08:01 261764                     /lib/x86_64-linux-gnu/librt-2.15.so
7fd8bce70000-7fd8bce71000 r-xp 00006000 08:01 261764                     /lib/x86_64-linux-gnu/librt-2.15.so
7fd8bce71000-7fd8bce72000 rwxp 00007000 08:01 261764                     /lib/x86_64-linux-gnu/librt-2.15.so
7fd8bce72000-7fd8bce75000 ---p 00000000 00:00 0 
7fd8bce75000-7fd8bcf73000 rwxp 00000000 00:00 0 
7fd8bcf73000-7fd8bd06e000 r-xp 00000000 08:01 261768                     /lib/x86_64-linux-gnu/libm-2.15.so
7fd8bd06e000-7fd8bd26d000 ---p 000fb000 08:01 261768                     /lib/x86_64-linux-gnu/libm-2.15.so
7fd8bd26d000-7fd8bd26e000 r-xp 000fa000 08:01 261768                     /lib/x86_64-linux-gnu/libm-2.15.so
7fd8bd26e000-7fd8bd26f000 rwxp 000fb000 08:01 261768                     /lib/x86_64-linux-gnu/libm-2.15.so
7fd8bd26f000-7fd8bdb8d000 r-xp 00000000 08:01 142254                     /usr/lib/jvm/jre/lib/amd64/server/libjvm.so
7fd8bdb8d000-7fd8bdc8f000 ---p 0091e000 08:01 142254                     /usr/lib/jvm/jre/lib/amd64/server/libjvm.so
7fd8bdc8f000-7fd8bde45000 rwxp 00920000 08:01 142254                     /usr/lib/jvm/jre/lib/amd64/server/libjvm.so
7fd8bde45000-7fd8bde7f000 rwxp 00000000 00:00 0 
7fd8bde7f000-7fd8be034000 r-xp 00000000 08:01 261760                     /lib/x86_64-linux-gnu/libc-2.15.so
7fd8be034000-7fd8be233000 ---p 001b5000 08:01 261760                     /lib/x86_64-linux-gnu/libc-2.15.so
7fd8be233000-7fd8be237000 r-xp 001b4000 08:01 261760                     /lib/x86_64-linux-gnu/libc-2.15.so
7fd8be237000-7fd8be239000 rwxp 001b8000 08:01 261760                     /lib/x86_64-linux-gnu/libc-2.15.so
7fd8be239000-7fd8be23e000 rwxp 00000000 00:00 0 
7fd8be23e000-7fd8be240000 r-xp 00000000 08:01 261759                     /lib/x86_64-linux-gnu/libdl-2.15.so
7fd8be240000-7fd8be440000 ---p 00002000 08:01 261759                     /lib/x86_64-linux-gnu/libdl-2.15.so
7fd8be440000-7fd8be441000 r-xp 00002000 08:01 261759                     /lib/x86_64-linux-gnu/libdl-2.15.so
7fd8be441000-7fd8be442000 rwxp 00003000 08:01 261759                     /lib/x86_64-linux-gnu/libdl-2.15.so
7fd8be442000-7fd8be45a000 r-xp 00000000 08:01 261762                     /lib/x86_64-linux-gnu/libpthread-2.15.so
7fd8be45a000-7fd8be659000 ---p 00018000 08:01 261762                     /lib/x86_64-linux-gnu/libpthread-2.15.so
7fd8be659000-7fd8be65a000 r-xp 00017000 08:01 261762                     /lib/x86_64-linux-gnu/libpthread-2.15.so
7fd8be65a000-7fd8be65b000 rwxp 00018000 08:01 261762                     /lib/x86_64-linux-gnu/libpthread-2.15.so
7fd8be65b000-7fd8be65f000 rwxp 00000000 00:00 0 
7fd8be65f000-7fd8be681000 r-xp 00000000 08:01 265533                     /lib/x86_64-linux-gnu/ld-2.15.so
7fd8be69c000-7fd8be6a6000 rwxp 00000000 00:00 0 
7fd8be6a6000-7fd8be75c000 rwxp 00000000 00:00 0 
7fd8be75c000-7fd8be75f000 rwxp 00000000 00:00 0 
7fd8be75f000-7fd8be766000 r-xp 00000000 08:01 142275                     /usr/lib/jvm/jre/lib/amd64/jli/libjli.so
7fd8be766000-7fd8be867000 ---p 00007000 08:01 142275                     /usr/lib/jvm/jre/lib/amd64/jli/libjli.so
7fd8be867000-7fd8be869000 rwxp 00008000 08:01 142275                     /usr/lib/jvm/jre/lib/amd64/jli/libjli.so
7fd8be869000-7fd8be86a000 rwxp 00000000 00:00 0 
7fd8be875000-7fd8be87d000 rwxs 00000000 08:08 63                         /tmp/hsperfdata_gubs/5730
7fd8be87d000-7fd8be87e000 rwxp 00000000 00:00 0 
7fd8be87e000-7fd8be87f000 r-xp 00000000 00:00 0 
7fd8be87f000-7fd8be881000 rwxp 00000000 00:00 0 
7fd8be881000-7fd8be882000 r-xp 00022000 08:01 265533                     /lib/x86_64-linux-gnu/ld-2.15.so
7fd8be882000-7fd8be884000 rwxp 00023000 08:01 265533                     /lib/x86_64-linux-gnu/ld-2.15.so
7fffe5b75000-7fffe5b98000 rwxp 00000000 00:00 0                          [stack]
7fffe5bff000-7fffe5c00000 r-xp 00000000 00:00 0                          [vdso]
ffffffffff600000-ffffffffff601000 r-xp 00000000 00:00 0                  [vsyscall]

VM Arguments:
jvm_args: -agentlib:jdwp=transport=dt_socket,suspend=y,address=localhost:34621 -Dfile.encoding=UTF-8 
java_command: com.gubs.basicJava.JavaDate
Launcher Type: SUN_STANDARD

Environment Variables:
PATH=/usr/lib/lightdm/lightdm:/usr/local/sbin:/usr/local/bin:/usr/sbin:/usr/bin:/sbin:/bin:/usr/games
LD_LIBRARY_PATH=/usr/lib/jvm/jre/lib/amd64/server:/usr/lib/jvm/jre/lib/amd64:/usr/lib/jvm/jre/../lib/amd64:/usr/lib/jvm/java-6-openjdk-amd64/jre/lib/amd64/server:/usr/lib/jvm/java-6-openjdk-amd64/jre/lib/amd64:/usr/lib/jvm/java-6-openjdk-amd64/jre/../lib/amd64
SHELL=/bin/bash
DISPLAY=:0.0

Signal Handlers:
SIGSEGV: [libjvm.so+0x8629a0], sa_mask[0]=0x7ffbfeff, sa_flags=0x10000004
SIGBUS: [libjvm.so+0x8629a0], sa_mask[0]=0x7ffbfeff, sa_flags=0x10000004
SIGFPE: [libjvm.so+0x710660], sa_mask[0]=0x7ffbfeff, sa_flags=0x10000004
SIGPIPE: [libjvm.so+0x710660], sa_mask[0]=0x7ffbfeff, sa_flags=0x10000004
SIGXFSZ: [libjvm.so+0x710660], sa_mask[0]=0x7ffbfeff, sa_flags=0x10000004
SIGILL: [libjvm.so+0x710660], sa_mask[0]=0x7ffbfeff, sa_flags=0x10000004
SIGUSR1: SIG_DFL, sa_mask[0]=0x00000000, sa_flags=0x00000000
SIGUSR2: [libjvm.so+0x713490], sa_mask[0]=0x00000004, sa_flags=0x10000004
SIGHUP: [libjvm.so+0x713090], sa_mask[0]=0x7ffbfeff, sa_flags=0x10000004
SIGINT: [libjvm.so+0x713090], sa_mask[0]=0x7ffbfeff, sa_flags=0x10000004
SIGTERM: [libjvm.so+0x713090], sa_mask[0]=0x7ffbfeff, sa_flags=0x10000004
SIGQUIT: [libjvm.so+0x713090], sa_mask[0]=0x7ffbfeff, sa_flags=0x10000004


---------------  S Y S T E M  ---------------

OS:wheezy/sid

uname:Linux 3.2.0-38-generic #61-Ubuntu SMP Tue Feb 19 12:18:21 UTC 2013 x86_64
libc:glibc 2.15 NPTL 2.15 
rlimit: STACK 8192k, CORE 0k, NPROC 45997, NOFILE 4096, AS infinity
load average:2.92 0.93 0.48

/proc/meminfo:
MemTotal:        5905240 kB
MemFree:         1624268 kB
Buffers:          150448 kB
Cached:          1514460 kB
SwapCached:            0 kB
Active:          2963720 kB
Inactive:        1044224 kB
Active(anon):    2451364 kB
Inactive(anon):   209628 kB
Active(file):     512356 kB
Inactive(file):   834596 kB
Unevictable:          48 kB
Mlocked:              48 kB
SwapTotal:       1998844 kB
SwapFree:        1998844 kB
Dirty:              2900 kB
Writeback:             0 kB
AnonPages:       2343152 kB
Mapped:           256072 kB
Shmem:            317820 kB
Slab:             125232 kB
SReclaimable:      90644 kB
SUnreclaim:        34588 kB
KernelStack:        5136 kB
PageTables:        43772 kB
NFS_Unstable:          0 kB
Bounce:                0 kB
WritebackTmp:          0 kB
CommitLimit:     4951464 kB
Committed_AS:    7180520 kB
VmallocTotal:   34359738367 kB
VmallocUsed:      563572 kB
VmallocChunk:   34359148068 kB
HardwareCorrupted:     0 kB
AnonHugePages:         0 kB
HugePages_Total:       0
HugePages_Free:        0
HugePages_Rsvd:        0
HugePages_Surp:        0
Hugepagesize:       2048 kB
DirectMap4k:       51200 kB
DirectMap2M:     6035456 kB


CPU:total 4 (2 cores per cpu, 2 threads per core) family 6 model 37 stepping 5, cmov, cx8, fxsr, mmx, sse, sse2, sse3, ssse3, sse4.1, sse4.2, popcnt, ht

/proc/cpuinfo:
processor	: 0
vendor_id	: GenuineIntel
cpu family	: 6
model		: 37
model name	: Intel(R) Core(TM) i5 CPU       M 560  @ 2.67GHz
stepping	: 5
microcode	: 0x3
cpu MHz		: 2667.000
cache size	: 3072 KB
physical id	: 0
siblings	: 4
core id		: 0
cpu cores	: 2
apicid		: 0
initial apicid	: 0
fpu		: yes
fpu_exception	: yes
cpuid level	: 11
wp		: yes
flags		: fpu vme de pse tsc msr pae mce cx8 apic sep mtrr pge mca cmov pat pse36 clflush dts acpi mmx fxsr sse sse2 ss ht tm pbe syscall nx rdtscp lm constant_tsc arch_perfmon pebs bts rep_good nopl xtopology nonstop_tsc aperfmperf pni pclmulqdq dtes64 monitor ds_cpl vmx smx est tm2 ssse3 cx16 xtpr pdcm pcid sse4_1 sse4_2 popcnt aes lahf_lm ida arat dtherm tpr_shadow vnmi flexpriority ept vpid
bogomips	: 5320.30
clflush size	: 64
cache_alignment	: 64
address sizes	: 36 bits physical, 48 bits virtual
power management:

processor	: 1
vendor_id	: GenuineIntel
cpu family	: 6
model		: 37
model name	: Intel(R) Core(TM) i5 CPU       M 560  @ 2.67GHz
stepping	: 5
microcode	: 0x3
cpu MHz		: 1199.000
cache size	: 3072 KB
physical id	: 0
siblings	: 4
core id		: 0
cpu cores	: 2
apicid		: 1
initial apicid	: 1
fpu		: yes
fpu_exception	: yes
cpuid level	: 11
wp		: yes
flags		: fpu vme de pse tsc msr pae mce cx8 apic sep mtrr pge mca cmov pat pse36 clflush dts acpi mmx fxsr sse sse2 ss ht tm pbe syscall nx rdtscp lm constant_tsc arch_perfmon pebs bts rep_good nopl xtopology nonstop_tsc aperfmperf pni pclmulqdq dtes64 monitor ds_cpl vmx smx est tm2 ssse3 cx16 xtpr pdcm pcid sse4_1 sse4_2 popcnt aes lahf_lm ida arat dtherm tpr_shadow vnmi flexpriority ept vpid
bogomips	: 5319.87
clflush size	: 64
cache_alignment	: 64
address sizes	: 36 bits physical, 48 bits virtual
power management:

processor	: 2
vendor_id	: GenuineIntel
cpu family	: 6
model		: 37
model name	: Intel(R) Core(TM) i5 CPU       M 560  @ 2.67GHz
stepping	: 5
microcode	: 0x3
cpu MHz		: 2667.000
cache size	: 3072 KB
physical id	: 0
siblings	: 4
core id		: 2
cpu cores	: 2
apicid		: 4
initial apicid	: 4
fpu		: yes
fpu_exception	: yes
cpuid level	: 11
wp		: yes
flags		: fpu vme de pse tsc msr pae mce cx8 apic sep mtrr pge mca cmov pat pse36 clflush dts acpi mmx fxsr sse sse2 ss ht tm pbe syscall nx rdtscp lm constant_tsc arch_perfmon pebs bts rep_good nopl xtopology nonstop_tsc aperfmperf pni pclmulqdq dtes64 monitor ds_cpl vmx smx est tm2 ssse3 cx16 xtpr pdcm pcid sse4_1 sse4_2 popcnt aes lahf_lm ida arat dtherm tpr_shadow vnmi flexpriority ept vpid
bogomips	: 5319.87
clflush size	: 64
cache_alignment	: 64
address sizes	: 36 bits physical, 48 bits virtual
power management:

processor	: 3
vendor_id	: GenuineIntel
cpu family	: 6
model		: 37
model name	: Intel(R) Core(TM) i5 CPU       M 560  @ 2.67GHz
stepping	: 5
microcode	: 0x3
cpu MHz		: 2667.000
cache size	: 3072 KB
physical id	: 0
siblings	: 4
core id		: 2
cpu cores	: 2
apicid		: 5
initial apicid	: 5
fpu		: yes
fpu_exception	: yes
cpuid level	: 11
wp		: yes
flags		: fpu vme de pse tsc msr pae mce cx8 apic sep mtrr pge mca cmov pat pse36 clflush dts acpi mmx fxsr sse sse2 ss ht tm pbe syscall nx rdtscp lm constant_tsc arch_perfmon pebs bts rep_good nopl xtopology nonstop_tsc aperfmperf pni pclmulqdq dtes64 monitor ds_cpl vmx smx est tm2 ssse3 cx16 xtpr pdcm pcid sse4_1 sse4_2 popcnt aes lahf_lm ida arat dtherm tpr_shadow vnmi flexpriority ept vpid
bogomips	: 5319.88
clflush size	: 64
cache_alignment	: 64
address sizes	: 36 bits physical, 48 bits virtual
power management:



Memory: 4k page, physical 5905240k(1624268k free), swap 1998844k(1998844k free)

vm_info: Java HotSpot(TM) 64-Bit Server VM (20.13-b02) for linux-amd64 JRE (1.6.0_38-b05), built on Nov 14 2012 02:12:33 by "java_re" with gcc 3.2.2 (SuSE Linux)

time: Fri Apr  5 13:40:06 2013
elapsed time: 59 seconds

