#
# A fatal error has been detected by the Java Runtime Environment:
#
#  SIGSEGV (0xb) at pc=0x00007fd9fed49f6d, pid=5666, tid=140574085560064
#
# JRE version: 6.0_38-b05
# Java VM: Java HotSpot(TM) 64-Bit Server VM (20.13-b02 mixed mode linux-amd64 compressed oops)
# Problematic frame:
# V  [libjvm.so+0x59af6d]  unsigned+0x11d
#
# If you would like to submit a bug report, please visit:
#   http://java.sun.com/webapps/bugreport/crash.jsp
#

---------------  T H R E A D  ---------------

Current thread (0x00007fd9f809f000):  JavaThread "JDWP Transport Listener: dt_socket" daemon [_thread_in_vm, id=5698, stack(0x00007fd9f45f3000,0x00007fd9f46f4000)]

siginfo:si_signo=SIGSEGV: si_errno=0, si_code=128 (), si_addr=0x0000000000000000

Registers:
RAX=0x0000000000000001, RBX=0x0000000000000000, RCX=0x00007fd9ff24d3c8, RDX=0x0000000000000000
RSP=0x00007fd9f46f2980, RBP=0x00007fd9f46f29f0, RSI=0x00007fd9f809f000, RDI=0x00007fd9f800a0f0
R8 =0x00007fd9ffdbd000, R9 =0x00007fd9ff24d3b0, R10=0x0000000000000ffc, R11=0x00007fd9ff24d3b8
R12=0x00007fd9f800a0f0, R13=0x6c2f003b65746144, R14=0x00007fd9f46f2a3f, R15=0x00007fd9f46f2980
RIP=0x00007fd9fed49f6d, EFLAGS=0x0000000000010206, CSGSFS=0x0000000000000033, ERR=0x0000000000000000
  TRAPNO=0x000000000000000d

Top of Stack: (sp=0x00007fd9f46f2980)
0x00007fd9f46f2980:   00007fd9f809f000 0000000000000000
0x00007fd9f46f2990:   00007fd900000000 0000000000000000
0x00007fd9f46f29a0:   00007fd9f809f000 0000000000000000
0x00007fd9f46f29b0:   00007fd9f809f000 00007fd9f46f2ad0
0x00007fd9f46f29c0:   00007fd9f807e370 6c2f003b65746144
0x00007fd9f46f29d0:   00007fd9fdd490f0 0000000000000001
0x00007fd9f46f29e0:   0000000000000001 0000000000000007
0x00007fd9f46f29f0:   00007fd9f46f2a3f 00007fd9fdc3c2ce
0x00007fd9f46f2a00:   6c2f003b65746144 00007fd9f46f2ad0
0x00007fd9f46f2a10:   0000000000000001 00007fd9fdc19a73
0x00007fd9f46f2a20:   0000000000000000 0000000000000000
0x00007fd9f46f2a30:   0000000000000000 000000000000000a
0x00007fd9f46f2a40:   0000000000000004 00007fd9f46f2ad0
0x00007fd9f46f2a50:   00007fd9d4004ff0 00007fd9fdc19c36
0x00007fd9f46f2a60:   00007fd9f46f2ad0 00000004f46f2c90
0x00007fd9f46f2a70:   00007fd9d400acd0 00007fd9f46f2ad0
0x00007fd9f46f2a80:   00007fd9f46f2c90 00007fd9f46f2c60
0x00007fd9f46f2a90:   00007fd9fdd490f0 00007fd9fdc19cae
0x00007fd9f46f2aa0:   00007fd9f46f2c60 00007fd9fdc248fb
0x00007fd9f46f2ab0:   000003fe00000013 00007fd9cc0f0200
0x00007fd9f46f2ac0:   00007fd9cc001030 00007fd9fee93287
0x00007fd9f46f2ad0:   00007fd9f46f2ba4 00007fd9000000a8
0x00007fd9f46f2ae0:   00007fd9f46f2ae8 00007fd900000084
0x00007fd9f46f2af0:   00007fd9f46f2b20 0000000000000000
0x00007fd9f46f2b00:   00007f0000000000 000003fe0000001c
0x00007fd9f46f2b10:   00007fd900002b80 00007fd9f46f2b20
0x00007fd9f46f2b20:   d97f000004000000 0c00000048a601d4
0x00007fd9f46f2b30:   6574614466666964 03000000656d6954
0x00007fd9f46f2b40:   0000000000562928 f8d97f00000a0000
0x00007fd9f46f2b50:   6d0400000068e307 28160000006e6961
0x00007fd9f46f2b60:   6c2f6176616a4c5b 697274532f676e61
0x00007fd9f46f2b70:   00000056293b676e 7f00000900000000 

Instructions: (pc=0x00007fd9fed49f6d)
0x00007fd9fed49f4d:   84 c7 03 00 00 41 0f b6 9c 24 68 01 00 00 80 e3
0x00007fd9fed49f5d:   10 84 db 0f 84 ed 02 00 00 31 db 4d 85 ed 74 23
0x00007fd9fed49f6d:   49 8b 45 00 48 85 c0 0f 84 d2 02 00 00 49 bd fe
0x00007fd9fed49f7d:   fe fe fe fe fe fe fe 48 89 c3 4c 39 e8 0f 84 bc 

Register to memory mapping:

RAX=0x0000000000000001 is an unknown value
RBX=0x0000000000000000 is an unknown value
RCX=0x00007fd9ff24d3c8: <offset 0xa9e3c8> in /usr/lib/jvm/jre/lib/amd64/server/libjvm.so at 0x00007fd9fe7af000
RDX=0x0000000000000000 is an unknown value
RSP=0x00007fd9f46f2980 is pointing into the stack for thread: 0x00007fd9f809f000
RBP=0x00007fd9f46f29f0 is pointing into the stack for thread: 0x00007fd9f809f000
RSI=0x00007fd9f809f000 is a thread
RDI=0x00007fd9f800a0f0 is an unknown value
R8 =0x00007fd9ffdbd000 is an unknown value
R9 =0x00007fd9ff24d3b0: <offset 0xa9e3b0> in /usr/lib/jvm/jre/lib/amd64/server/libjvm.so at 0x00007fd9fe7af000
R10=0x0000000000000ffc is an unknown value
R11=0x00007fd9ff24d3b8: <offset 0xa9e3b8> in /usr/lib/jvm/jre/lib/amd64/server/libjvm.so at 0x00007fd9fe7af000
R12=0x00007fd9f800a0f0 is an unknown value
R13=0x6c2f003b65746144 is an unknown value
R14=0x00007fd9f46f2a3f is pointing into the stack for thread: 0x00007fd9f809f000
R15=0x00007fd9f46f2980 is pointing into the stack for thread: 0x00007fd9f809f000


Stack: [0x00007fd9f45f3000,0x00007fd9f46f4000],  sp=0x00007fd9f46f2980,  free space=1022k
Native frames: (J=compiled Java code, j=interpreted, Vv=VM code, C=native code)
V  [libjvm.so+0x59af6d]  unsigned+0x11d


---------------  P R O C E S S  ---------------

Java Threads: ( => current thread )
  0x00007fd9f80aa000 JavaThread "Low Memory Detector" daemon [_thread_blocked, id=5715, stack(0x00007fd9f40ee000,0x00007fd9f41ef000)]
  0x00007fd9f80a8000 JavaThread "C2 CompilerThread1" daemon [_thread_blocked, id=5714, stack(0x00007fd9f41ef000,0x00007fd9f42f0000)]
  0x00007fd9f80a5000 JavaThread "C2 CompilerThread0" daemon [_thread_blocked, id=5713, stack(0x00007fd9f42f0000,0x00007fd9f43f1000)]
  0x00007fd9d4001000 JavaThread "JDWP Command Reader" daemon [_thread_in_native, id=5703, stack(0x00007fd9f43f1000,0x00007fd9f44f2000)]
  0x00007fd9f80a2800 JavaThread "JDWP Event Helper Thread" daemon [_thread_blocked, id=5700, stack(0x00007fd9f44f2000,0x00007fd9f45f3000)]
=>0x00007fd9f809f000 JavaThread "JDWP Transport Listener: dt_socket" daemon [_thread_in_vm, id=5698, stack(0x00007fd9f45f3000,0x00007fd9f46f4000)]
  0x00007fd9f8090800 JavaThread "Signal Dispatcher" daemon [_thread_blocked, id=5694, stack(0x00007fd9f47f8000,0x00007fd9f48f9000)]
  0x00007fd9f8075000 JavaThread "Finalizer" daemon [_thread_blocked, id=5692, stack(0x00007fd9f48f9000,0x00007fd9f49fa000)]
  0x00007fd9f8073000 JavaThread "Reference Handler" daemon [_thread_blocked, id=5690, stack(0x00007fd9f49fa000,0x00007fd9f4afb000)]
  0x00007fd9f800e800 JavaThread "main" [_thread_blocked, id=5678, stack(0x00007fd9fe3b2000,0x00007fd9fe4b3000)]

Other Threads:
  0x00007fd9f806c800 VMThread [stack: 0x00007fd9f4afb000,0x00007fd9f4bfc000] [id=5689]
  0x00007fd9f80ad000 WatcherThread [stack: 0x00007fd9bfeff000,0x00007fd9c0000000] [id=5717]

VM state:not at safepoint (normal execution)

VM Mutex/Monitor currently owned by a thread: None

Heap
 PSYoungGen      total 26880K, used 1382K [0x00000000e1f60000, 0x00000000e3d60000, 0x0000000100000000)
  eden space 23040K, 6% used [0x00000000e1f60000,0x00000000e20b9a20,0x00000000e35e0000)
  from space 3840K, 0% used [0x00000000e39a0000,0x00000000e39a0000,0x00000000e3d60000)
  to   space 3840K, 0% used [0x00000000e35e0000,0x00000000e35e0000,0x00000000e39a0000)
 PSOldGen        total 61568K, used 0K [0x00000000a5e00000, 0x00000000a9a20000, 0x00000000e1f60000)
  object space 61568K, 0% used [0x00000000a5e00000,0x00000000a5e00000,0x00000000a9a20000)
 PSPermGen       total 21248K, used 2632K [0x00000000a0c00000, 0x00000000a20c0000, 0x00000000a5e00000)
  object space 21248K, 12% used [0x00000000a0c00000,0x00000000a0e92168,0x00000000a20c0000)

Code Cache  [0x00007fd9f5000000, 0x00007fd9f5270000, 0x00007fd9f8000000)
 total_blobs=163 nmethods=5 adapters=121 free_code_cache=49934592 largest_free_block=8896

Dynamic libraries:
40000000-40009000 r-xp 00000000 08:01 790662                             /usr/lib/jvm/bin/java
40108000-4010a000 rwxp 00008000 08:01 790662                             /usr/lib/jvm/bin/java
41acd000-41aee000 rwxp 00000000 00:00 0                                  [heap]
a0c00000-a20c0000 rwxp 00000000 00:00 0 
a20c0000-a5e00000 rwxp 00000000 00:00 0 
a5e00000-a9a20000 rwxp 00000000 00:00 0 
a9a20000-e1f60000 rwxp 00000000 00:00 0 
e1f60000-e3d60000 rwxp 00000000 00:00 0 
e3d60000-100000000 rwxp 00000000 00:00 0 
7fd9b4000000-7fd9b4021000 rwxp 00000000 00:00 0 
7fd9b4021000-7fd9b8000000 ---p 00000000 00:00 0 
7fd9b8000000-7fd9b8021000 rwxp 00000000 00:00 0 
7fd9b8021000-7fd9bc000000 ---p 00000000 00:00 0 
7fd9bfeff000-7fd9bff00000 ---p 00000000 00:00 0 
7fd9bff00000-7fd9c0000000 rwxp 00000000 00:00 0 
7fd9c0000000-7fd9c0212000 rwxp 00000000 00:00 0 
7fd9c0212000-7fd9c4000000 ---p 00000000 00:00 0 
7fd9c4000000-7fd9c4177000 rwxp 00000000 00:00 0 
7fd9c4177000-7fd9c8000000 ---p 00000000 00:00 0 
7fd9c8000000-7fd9c8021000 rwxp 00000000 00:00 0 
7fd9c8021000-7fd9cc000000 ---p 00000000 00:00 0 
7fd9cc000000-7fd9cc021000 rwxp 00000000 00:00 0 
7fd9cc021000-7fd9d0000000 ---p 00000000 00:00 0 
7fd9d0000000-7fd9d0021000 rwxp 00000000 00:00 0 
7fd9d0021000-7fd9d4000000 ---p 00000000 00:00 0 
7fd9d4000000-7fd9d4036000 rwxp 00000000 00:00 0 
7fd9d4036000-7fd9d8000000 ---p 00000000 00:00 0 
7fd9d8000000-7fd9d8021000 rwxp 00000000 00:00 0 
7fd9d8021000-7fd9dc000000 ---p 00000000 00:00 0 
7fd9dc000000-7fd9dc021000 rwxp 00000000 00:00 0 
7fd9dc021000-7fd9e0000000 ---p 00000000 00:00 0 
7fd9e0000000-7fd9e0021000 rwxp 00000000 00:00 0 
7fd9e0021000-7fd9e4000000 ---p 00000000 00:00 0 
7fd9e4000000-7fd9e4021000 rwxp 00000000 00:00 0 
7fd9e4021000-7fd9e8000000 ---p 00000000 00:00 0 
7fd9e8000000-7fd9e8021000 rwxp 00000000 00:00 0 
7fd9e8021000-7fd9ec000000 ---p 00000000 00:00 0 
7fd9ec000000-7fd9ec021000 rwxp 00000000 00:00 0 
7fd9ec021000-7fd9f0000000 ---p 00000000 00:00 0 
7fd9f0000000-7fd9f0021000 rwxp 00000000 00:00 0 
7fd9f0021000-7fd9f4000000 ---p 00000000 00:00 0 
7fd9f40ee000-7fd9f40f1000 ---p 00000000 00:00 0 
7fd9f40f1000-7fd9f41ef000 rwxp 00000000 00:00 0 
7fd9f41ef000-7fd9f41f2000 ---p 00000000 00:00 0 
7fd9f41f2000-7fd9f42f0000 rwxp 00000000 00:00 0 
7fd9f42f0000-7fd9f42f3000 ---p 00000000 00:00 0 
7fd9f42f3000-7fd9f43f1000 rwxp 00000000 00:00 0 
7fd9f43f1000-7fd9f43f4000 ---p 00000000 00:00 0 
7fd9f43f4000-7fd9f44f2000 rwxp 00000000 00:00 0 
7fd9f44f2000-7fd9f44f5000 ---p 00000000 00:00 0 
7fd9f44f5000-7fd9f45f3000 rwxp 00000000 00:00 0 
7fd9f45f3000-7fd9f45f6000 ---p 00000000 00:00 0 
7fd9f45f6000-7fd9f46f4000 rwxp 00000000 00:00 0 
7fd9f46f4000-7fd9f46f7000 r-xp 00000000 08:01 142248                     /usr/lib/jvm/jre/lib/amd64/libdt_socket.so
7fd9f46f7000-7fd9f47f6000 ---p 00003000 08:01 142248                     /usr/lib/jvm/jre/lib/amd64/libdt_socket.so
7fd9f47f6000-7fd9f47f8000 rwxp 00002000 08:01 142248                     /usr/lib/jvm/jre/lib/amd64/libdt_socket.so
7fd9f47f8000-7fd9f47fb000 ---p 00000000 00:00 0 
7fd9f47fb000-7fd9f48f9000 rwxp 00000000 00:00 0 
7fd9f48f9000-7fd9f48fc000 ---p 00000000 00:00 0 
7fd9f48fc000-7fd9f49fa000 rwxp 00000000 00:00 0 
7fd9f49fa000-7fd9f49fd000 ---p 00000000 00:00 0 
7fd9f49fd000-7fd9f4afb000 rwxp 00000000 00:00 0 
7fd9f4afb000-7fd9f4afc000 ---p 00000000 00:00 0 
7fd9f4afc000-7fd9f5270000 rwxp 00000000 00:00 0 
7fd9f5270000-7fd9f80c5000 rwxp 00000000 00:00 0 
7fd9f80c5000-7fd9fc000000 ---p 00000000 00:00 0 
7fd9fc0f9000-7fd9fc22e000 rwxp 00000000 00:00 0 
7fd9fc22e000-7fd9fc3c6000 r-xs 03083000 08:01 802306                     /usr/lib/jvm/jre/lib/rt.jar
7fd9fc3c6000-7fd9fc3ee000 rwxp 00000000 00:00 0 
7fd9fc3ee000-7fd9fc3ef000 ---p 00000000 00:00 0 
7fd9fc3ef000-7fd9fc4ef000 rwxp 00000000 00:00 0 
7fd9fc4ef000-7fd9fc4f0000 ---p 00000000 00:00 0 
7fd9fc4f0000-7fd9fc5f0000 rwxp 00000000 00:00 0 
7fd9fc5f0000-7fd9fc5f1000 ---p 00000000 00:00 0 
7fd9fc5f1000-7fd9fc6f1000 rwxp 00000000 00:00 0 
7fd9fc6f1000-7fd9fc6f2000 ---p 00000000 00:00 0 
7fd9fc6f2000-7fd9fc7fd000 rwxp 00000000 00:00 0 
7fd9fc7fd000-7fd9fc81b000 rwxp 00000000 00:00 0 
7fd9fc81b000-7fd9fc83a000 rwxp 00000000 00:00 0 
7fd9fc83a000-7fd9fc9fc000 rwxp 00000000 00:00 0 
7fd9fc9fc000-7fd9fca07000 rwxp 00000000 00:00 0 
7fd9fca07000-7fd9fca25000 rwxp 00000000 00:00 0 
7fd9fca25000-7fd9fca44000 rwxp 00000000 00:00 0 
7fd9fca44000-7fd9fcc05000 rwxp 00000000 00:00 0 
7fd9fcc05000-7fd9fcc15000 rwxp 00000000 00:00 0 
7fd9fcc15000-7fd9fccf6000 rwxp 00000000 00:00 0 
7fd9fccf6000-7fd9fccf7000 rwxp 00000000 00:00 0 
7fd9fccf7000-7fd9fcd05000 r-xp 00000000 08:01 142244                     /usr/lib/jvm/jre/lib/amd64/libzip.so
7fd9fcd05000-7fd9fce07000 ---p 0000e000 08:01 142244                     /usr/lib/jvm/jre/lib/amd64/libzip.so
7fd9fce07000-7fd9fce0a000 rwxp 00010000 08:01 142244                     /usr/lib/jvm/jre/lib/amd64/libzip.so
7fd9fce0a000-7fd9fce0b000 rwxp 00000000 00:00 0 
7fd9fce0b000-7fd9fce17000 r-xp 00000000 08:01 261770                     /lib/x86_64-linux-gnu/libnss_files-2.15.so
7fd9fce17000-7fd9fd016000 ---p 0000c000 08:01 261770                     /lib/x86_64-linux-gnu/libnss_files-2.15.so
7fd9fd016000-7fd9fd017000 r-xp 0000b000 08:01 261770                     /lib/x86_64-linux-gnu/libnss_files-2.15.so
7fd9fd017000-7fd9fd018000 rwxp 0000c000 08:01 261770                     /lib/x86_64-linux-gnu/libnss_files-2.15.so
7fd9fd018000-7fd9fd022000 r-xp 00000000 08:01 261766                     /lib/x86_64-linux-gnu/libnss_nis-2.15.so
7fd9fd022000-7fd9fd222000 ---p 0000a000 08:01 261766                     /lib/x86_64-linux-gnu/libnss_nis-2.15.so
7fd9fd222000-7fd9fd223000 r-xp 0000a000 08:01 261766                     /lib/x86_64-linux-gnu/libnss_nis-2.15.so
7fd9fd223000-7fd9fd224000 rwxp 0000b000 08:01 261766                     /lib/x86_64-linux-gnu/libnss_nis-2.15.so
7fd9fd224000-7fd9fd22c000 r-xp 00000000 08:01 262540                     /lib/x86_64-linux-gnu/libnss_compat-2.15.so
7fd9fd22c000-7fd9fd42b000 ---p 00008000 08:01 262540                     /lib/x86_64-linux-gnu/libnss_compat-2.15.so
7fd9fd42b000-7fd9fd42c000 r-xp 00007000 08:01 262540                     /lib/x86_64-linux-gnu/libnss_compat-2.15.so
7fd9fd42c000-7fd9fd42d000 rwxp 00008000 08:01 262540                     /lib/x86_64-linux-gnu/libnss_compat-2.15.so
7fd9fd42d000-7fd9fdb10000 r-xp 00000000 08:01 399584                     /usr/lib/locale/locale-archive
7fd9fdb10000-7fd9fdb13000 r-xp 00000000 08:01 142261                     /usr/lib/jvm/jre/lib/amd64/libnpt.so
7fd9fdb13000-7fd9fdc12000 ---p 00003000 08:01 142261                     /usr/lib/jvm/jre/lib/amd64/libnpt.so
7fd9fdc12000-7fd9fdc13000 rwxp 00002000 08:01 142261                     /usr/lib/jvm/jre/lib/amd64/libnpt.so
7fd9fdc13000-7fd9fdc49000 r-xp 00000000 08:01 142273                     /usr/lib/jvm/jre/lib/amd64/libjdwp.so
7fd9fdc49000-7fd9fdd48000 ---p 00036000 08:01 142273                     /usr/lib/jvm/jre/lib/amd64/libjdwp.so
7fd9fdd48000-7fd9fdd52000 rwxp 00035000 08:01 142273                     /usr/lib/jvm/jre/lib/amd64/libjdwp.so
7fd9fdd52000-7fd9fdd69000 r-xp 00000000 08:01 265538                     /lib/x86_64-linux-gnu/libnsl-2.15.so
7fd9fdd69000-7fd9fdf68000 ---p 00017000 08:01 265538                     /lib/x86_64-linux-gnu/libnsl-2.15.so
7fd9fdf68000-7fd9fdf69000 r-xp 00016000 08:01 265538                     /lib/x86_64-linux-gnu/libnsl-2.15.so
7fd9fdf69000-7fd9fdf6a000 rwxp 00017000 08:01 265538                     /lib/x86_64-linux-gnu/libnsl-2.15.so
7fd9fdf6a000-7fd9fdf6c000 rwxp 00000000 00:00 0 
7fd9fdf6c000-7fd9fdf95000 r-xp 00000000 08:01 142235                     /usr/lib/jvm/jre/lib/amd64/libjava.so
7fd9fdf95000-7fd9fe094000 ---p 00029000 08:01 142235                     /usr/lib/jvm/jre/lib/amd64/libjava.so
7fd9fe094000-7fd9fe09b000 rwxp 00028000 08:01 142235                     /usr/lib/jvm/jre/lib/amd64/libjava.so
7fd9fe09b000-7fd9fe0a8000 r-xp 00000000 08:01 142242                     /usr/lib/jvm/jre/lib/amd64/libverify.so
7fd9fe0a8000-7fd9fe1a7000 ---p 0000d000 08:01 142242                     /usr/lib/jvm/jre/lib/amd64/libverify.so
7fd9fe1a7000-7fd9fe1aa000 rwxp 0000c000 08:01 142242                     /usr/lib/jvm/jre/lib/amd64/libverify.so
7fd9fe1aa000-7fd9fe1b1000 r-xp 00000000 08:01 261764                     /lib/x86_64-linux-gnu/librt-2.15.so
7fd9fe1b1000-7fd9fe3b0000 ---p 00007000 08:01 261764                     /lib/x86_64-linux-gnu/librt-2.15.so
7fd9fe3b0000-7fd9fe3b1000 r-xp 00006000 08:01 261764                     /lib/x86_64-linux-gnu/librt-2.15.so
7fd9fe3b1000-7fd9fe3b2000 rwxp 00007000 08:01 261764                     /lib/x86_64-linux-gnu/librt-2.15.so
7fd9fe3b2000-7fd9fe3b5000 ---p 00000000 00:00 0 
7fd9fe3b5000-7fd9fe4b3000 rwxp 00000000 00:00 0 
7fd9fe4b3000-7fd9fe5ae000 r-xp 00000000 08:01 261768                     /lib/x86_64-linux-gnu/libm-2.15.so
7fd9fe5ae000-7fd9fe7ad000 ---p 000fb000 08:01 261768                     /lib/x86_64-linux-gnu/libm-2.15.so
7fd9fe7ad000-7fd9fe7ae000 r-xp 000fa000 08:01 261768                     /lib/x86_64-linux-gnu/libm-2.15.so
7fd9fe7ae000-7fd9fe7af000 rwxp 000fb000 08:01 261768                     /lib/x86_64-linux-gnu/libm-2.15.so
7fd9fe7af000-7fd9ff0cd000 r-xp 00000000 08:01 142254                     /usr/lib/jvm/jre/lib/amd64/server/libjvm.so
7fd9ff0cd000-7fd9ff1cf000 ---p 0091e000 08:01 142254                     /usr/lib/jvm/jre/lib/amd64/server/libjvm.so
7fd9ff1cf000-7fd9ff385000 rwxp 00920000 08:01 142254                     /usr/lib/jvm/jre/lib/amd64/server/libjvm.so
7fd9ff385000-7fd9ff3bf000 rwxp 00000000 00:00 0 
7fd9ff3bf000-7fd9ff574000 r-xp 00000000 08:01 261760                     /lib/x86_64-linux-gnu/libc-2.15.so
7fd9ff574000-7fd9ff773000 ---p 001b5000 08:01 261760                     /lib/x86_64-linux-gnu/libc-2.15.so
7fd9ff773000-7fd9ff777000 r-xp 001b4000 08:01 261760                     /lib/x86_64-linux-gnu/libc-2.15.so
7fd9ff777000-7fd9ff779000 rwxp 001b8000 08:01 261760                     /lib/x86_64-linux-gnu/libc-2.15.so
7fd9ff779000-7fd9ff77e000 rwxp 00000000 00:00 0 
7fd9ff77e000-7fd9ff780000 r-xp 00000000 08:01 261759                     /lib/x86_64-linux-gnu/libdl-2.15.so
7fd9ff780000-7fd9ff980000 ---p 00002000 08:01 261759                     /lib/x86_64-linux-gnu/libdl-2.15.so
7fd9ff980000-7fd9ff981000 r-xp 00002000 08:01 261759                     /lib/x86_64-linux-gnu/libdl-2.15.so
7fd9ff981000-7fd9ff982000 rwxp 00003000 08:01 261759                     /lib/x86_64-linux-gnu/libdl-2.15.so
7fd9ff982000-7fd9ff99a000 r-xp 00000000 08:01 261762                     /lib/x86_64-linux-gnu/libpthread-2.15.so
7fd9ff99a000-7fd9ffb99000 ---p 00018000 08:01 261762                     /lib/x86_64-linux-gnu/libpthread-2.15.so
7fd9ffb99000-7fd9ffb9a000 r-xp 00017000 08:01 261762                     /lib/x86_64-linux-gnu/libpthread-2.15.so
7fd9ffb9a000-7fd9ffb9b000 rwxp 00018000 08:01 261762                     /lib/x86_64-linux-gnu/libpthread-2.15.so
7fd9ffb9b000-7fd9ffb9f000 rwxp 00000000 00:00 0 
7fd9ffb9f000-7fd9ffbc1000 r-xp 00000000 08:01 265533                     /lib/x86_64-linux-gnu/ld-2.15.so
7fd9ffbdc000-7fd9ffbe6000 rwxp 00000000 00:00 0 
7fd9ffbe6000-7fd9ffc9c000 rwxp 00000000 00:00 0 
7fd9ffc9c000-7fd9ffc9f000 rwxp 00000000 00:00 0 
7fd9ffc9f000-7fd9ffca6000 r-xp 00000000 08:01 142275                     /usr/lib/jvm/jre/lib/amd64/jli/libjli.so
7fd9ffca6000-7fd9ffda7000 ---p 00007000 08:01 142275                     /usr/lib/jvm/jre/lib/amd64/jli/libjli.so
7fd9ffda7000-7fd9ffda9000 rwxp 00008000 08:01 142275                     /usr/lib/jvm/jre/lib/amd64/jli/libjli.so
7fd9ffda9000-7fd9ffdaa000 rwxp 00000000 00:00 0 
7fd9ffdb5000-7fd9ffdbd000 rwxs 00000000 08:08 62                         /tmp/hsperfdata_gubs/5666
7fd9ffdbd000-7fd9ffdbe000 rwxp 00000000 00:00 0 
7fd9ffdbe000-7fd9ffdbf000 r-xp 00000000 00:00 0 
7fd9ffdbf000-7fd9ffdc1000 rwxp 00000000 00:00 0 
7fd9ffdc1000-7fd9ffdc2000 r-xp 00022000 08:01 265533                     /lib/x86_64-linux-gnu/ld-2.15.so
7fd9ffdc2000-7fd9ffdc4000 rwxp 00023000 08:01 265533                     /lib/x86_64-linux-gnu/ld-2.15.so
7fff8d151000-7fff8d174000 rwxp 00000000 00:00 0                          [stack]
7fff8d1e2000-7fff8d1e3000 r-xp 00000000 00:00 0                          [vdso]
ffffffffff600000-ffffffffff601000 r-xp 00000000 00:00 0                  [vsyscall]

VM Arguments:
jvm_args: -agentlib:jdwp=transport=dt_socket,suspend=y,address=localhost:37316 -Dfile.encoding=UTF-8 
java_command: com.gubs.basicJava.JavaDate
Launcher Type: SUN_STANDARD

Environment Variables:
PATH=/usr/lib/lightdm/lightdm:/usr/local/sbin:/usr/local/bin:/usr/sbin:/usr/bin:/sbin:/bin:/usr/games
LD_LIBRARY_PATH=/usr/lib/jvm/jre/lib/amd64/server:/usr/lib/jvm/jre/lib/amd64:/usr/lib/jvm/jre/../lib/amd64:/usr/lib/jvm/java-6-openjdk-amd64/jre/lib/amd64/server:/usr/lib/jvm/java-6-openjdk-amd64/jre/lib/amd64:/usr/lib/jvm/java-6-openjdk-amd64/jre/../lib/amd64
SHELL=/bin/bash
DISPLAY=:0.0

Signal Handlers:
SIGSEGV: [libjvm.so+0x8629a0], sa_mask[0]=0x7ffbfeff, sa_flags=0x10000004
SIGBUS: [libjvm.so+0x8629a0], sa_mask[0]=0x7ffbfeff, sa_flags=0x10000004
SIGFPE: [libjvm.so+0x710660], sa_mask[0]=0x7ffbfeff, sa_flags=0x10000004
SIGPIPE: [libjvm.so+0x710660], sa_mask[0]=0x7ffbfeff, sa_flags=0x10000004
SIGXFSZ: [libjvm.so+0x710660], sa_mask[0]=0x7ffbfeff, sa_flags=0x10000004
SIGILL: [libjvm.so+0x710660], sa_mask[0]=0x7ffbfeff, sa_flags=0x10000004
SIGUSR1: SIG_DFL, sa_mask[0]=0x00000000, sa_flags=0x00000000
SIGUSR2: [libjvm.so+0x713490], sa_mask[0]=0x00000004, sa_flags=0x10000004
SIGHUP: [libjvm.so+0x713090], sa_mask[0]=0x7ffbfeff, sa_flags=0x10000004
SIGINT: [libjvm.so+0x713090], sa_mask[0]=0x7ffbfeff, sa_flags=0x10000004
SIGTERM: [libjvm.so+0x713090], sa_mask[0]=0x7ffbfeff, sa_flags=0x10000004
SIGQUIT: [libjvm.so+0x713090], sa_mask[0]=0x7ffbfeff, sa_flags=0x10000004


---------------  S Y S T E M  ---------------

OS:wheezy/sid

uname:Linux 3.2.0-38-generic #61-Ubuntu SMP Tue Feb 19 12:18:21 UTC 2013 x86_64
libc:glibc 2.15 NPTL 2.15 
rlimit: STACK 8192k, CORE 0k, NPROC 45997, NOFILE 4096, AS infinity
load average:0.36 0.38 0.30

/proc/meminfo:
MemTotal:        5905240 kB
MemFree:         1623488 kB
Buffers:          150392 kB
Cached:          1516740 kB
SwapCached:            0 kB
Active:          2952832 kB
Inactive:        1054784 kB
Active(anon):    2448848 kB
Inactive(anon):   215504 kB
Active(file):     503984 kB
Inactive(file):   839280 kB
Unevictable:          48 kB
Mlocked:              48 kB
SwapTotal:       1998844 kB
SwapFree:        1998844 kB
Dirty:               476 kB
Writeback:             0 kB
AnonPages:       2341028 kB
Mapped:           255680 kB
Shmem:            323536 kB
Slab:             125084 kB
SReclaimable:      90496 kB
SUnreclaim:        34588 kB
KernelStack:        5128 kB
PageTables:        43860 kB
NFS_Unstable:          0 kB
Bounce:                0 kB
WritebackTmp:          0 kB
CommitLimit:     4951464 kB
Committed_AS:    7315556 kB
VmallocTotal:   34359738367 kB
VmallocUsed:      563584 kB
VmallocChunk:   34359147528 kB
HardwareCorrupted:     0 kB
AnonHugePages:         0 kB
HugePages_Total:       0
HugePages_Free:        0
HugePages_Rsvd:        0
HugePages_Surp:        0
Hugepagesize:       2048 kB
DirectMap4k:       51200 kB
DirectMap2M:     6035456 kB


CPU:total 4 (2 cores per cpu, 2 threads per core) family 6 model 37 stepping 5, cmov, cx8, fxsr, mmx, sse, sse2, sse3, ssse3, sse4.1, sse4.2, popcnt, ht

/proc/cpuinfo:
processor	: 0
vendor_id	: GenuineIntel
cpu family	: 6
model		: 37
model name	: Intel(R) Core(TM) i5 CPU       M 560  @ 2.67GHz
stepping	: 5
microcode	: 0x3
cpu MHz		: 1199.000
cache size	: 3072 KB
physical id	: 0
siblings	: 4
core id		: 0
cpu cores	: 2
apicid		: 0
initial apicid	: 0
fpu		: yes
fpu_exception	: yes
cpuid level	: 11
wp		: yes
flags		: fpu vme de pse tsc msr pae mce cx8 apic sep mtrr pge mca cmov pat pse36 clflush dts acpi mmx fxsr sse sse2 ss ht tm pbe syscall nx rdtscp lm constant_tsc arch_perfmon pebs bts rep_good nopl xtopology nonstop_tsc aperfmperf pni pclmulqdq dtes64 monitor ds_cpl vmx smx est tm2 ssse3 cx16 xtpr pdcm pcid sse4_1 sse4_2 popcnt aes lahf_lm ida arat dtherm tpr_shadow vnmi flexpriority ept vpid
bogomips	: 5320.30
clflush size	: 64
cache_alignment	: 64
address sizes	: 36 bits physical, 48 bits virtual
power management:

processor	: 1
vendor_id	: GenuineIntel
cpu family	: 6
model		: 37
model name	: Intel(R) Core(TM) i5 CPU       M 560  @ 2.67GHz
stepping	: 5
microcode	: 0x3
cpu MHz		: 1999.000
cache size	: 3072 KB
physical id	: 0
siblings	: 4
core id		: 0
cpu cores	: 2
apicid		: 1
initial apicid	: 1
fpu		: yes
fpu_exception	: yes
cpuid level	: 11
wp		: yes
flags		: fpu vme de pse tsc msr pae mce cx8 apic sep mtrr pge mca cmov pat pse36 clflush dts acpi mmx fxsr sse sse2 ss ht tm pbe syscall nx rdtscp lm constant_tsc arch_perfmon pebs bts rep_good nopl xtopology nonstop_tsc aperfmperf pni pclmulqdq dtes64 monitor ds_cpl vmx smx est tm2 ssse3 cx16 xtpr pdcm pcid sse4_1 sse4_2 popcnt aes lahf_lm ida arat dtherm tpr_shadow vnmi flexpriority ept vpid
bogomips	: 5319.87
clflush size	: 64
cache_alignment	: 64
address sizes	: 36 bits physical, 48 bits virtual
power management:

processor	: 2
vendor_id	: GenuineIntel
cpu family	: 6
model		: 37
model name	: Intel(R) Core(TM) i5 CPU       M 560  @ 2.67GHz
stepping	: 5
microcode	: 0x3
cpu MHz		: 2667.000
cache size	: 3072 KB
physical id	: 0
siblings	: 4
core id		: 2
cpu cores	: 2
apicid		: 4
initial apicid	: 4
fpu		: yes
fpu_exception	: yes
cpuid level	: 11
wp		: yes
flags		: fpu vme de pse tsc msr pae mce cx8 apic sep mtrr pge mca cmov pat pse36 clflush dts acpi mmx fxsr sse sse2 ss ht tm pbe syscall nx rdtscp lm constant_tsc arch_perfmon pebs bts rep_good nopl xtopology nonstop_tsc aperfmperf pni pclmulqdq dtes64 monitor ds_cpl vmx smx est tm2 ssse3 cx16 xtpr pdcm pcid sse4_1 sse4_2 popcnt aes lahf_lm ida arat dtherm tpr_shadow vnmi flexpriority ept vpid
bogomips	: 5319.87
clflush size	: 64
cache_alignment	: 64
address sizes	: 36 bits physical, 48 bits virtual
power management:

processor	: 3
vendor_id	: GenuineIntel
cpu family	: 6
model		: 37
model name	: Intel(R) Core(TM) i5 CPU       M 560  @ 2.67GHz
stepping	: 5
microcode	: 0x3
cpu MHz		: 2667.000
cache size	: 3072 KB
physical id	: 0
siblings	: 4
core id		: 2
cpu cores	: 2
apicid		: 5
initial apicid	: 5
fpu		: yes
fpu_exception	: yes
cpuid level	: 11
wp		: yes
flags		: fpu vme de pse tsc msr pae mce cx8 apic sep mtrr pge mca cmov pat pse36 clflush dts acpi mmx fxsr sse sse2 ss ht tm pbe syscall nx rdtscp lm constant_tsc arch_perfmon pebs bts rep_good nopl xtopology nonstop_tsc aperfmperf pni pclmulqdq dtes64 monitor ds_cpl vmx smx est tm2 ssse3 cx16 xtpr pdcm pcid sse4_1 sse4_2 popcnt aes lahf_lm ida arat dtherm tpr_shadow vnmi flexpriority ept vpid
bogomips	: 5319.88
clflush size	: 64
cache_alignment	: 64
address sizes	: 36 bits physical, 48 bits virtual
power management:



Memory: 4k page, physical 5905240k(1623488k free), swap 1998844k(1998844k free)

vm_info: Java HotSpot(TM) 64-Bit Server VM (20.13-b02) for linux-amd64 JRE (1.6.0_38-b05), built on Nov 14 2012 02:12:33 by "java_re" with gcc 3.2.2 (SuSE Linux)

time: Fri Apr  5 13:39:58 2013
elapsed time: 107 seconds

